TN:
SF:/Users/vietworm/Desktop/my-project-vue/src/components/Hello.vue
FN:8,data
FNF:1
FNH:1
FNDA:1,data
DA:0,1
DA:27,1
LF:2
LH:2
BRF:0
BRH:0
end_of_record
TN:
SF:/Users/vietworm/Desktop/my-project-vue/src/App.vue
FN:15,_interopRequireDefault
FNF:1
FNH:1
FNDA:2,_interopRequireDefault
DA:0,2
DA:9,1
DA:10,1
LF:3
LH:3
BRDA:15,1,0,0
BRDA:15,1,1,2
BRDA:15,2,0,2
BRDA:15,2,1,2
BRF:4
BRH:4
end_of_record
TN:
SF:/Users/vietworm/Desktop/my-project-vue/src/components/Aboutme.vue
FN:8,data
FNF:1
FNH:0
FNDA:0,data
DA:0,1
DA:11,0
LF:2
LH:1
BRF:0
BRH:0
end_of_record
