TN:
SF:C:\Users\Hai\Desktop\vue-starter-kit\src\components\Aboutme.vue
FN:13,data
FN:21,reverseMessage
FNF:2
FNH:1
FNDA:1,data
FNDA:0,reverseMessage
DA:0,1
DA:30,1
DA:37,0
LF:3
LH:2
BRF:0
BRH:0
end_of_record
TN:
SF:C:\Users\Hai\Desktop\vue-starter-kit\src\components\Hello.vue
FN:8,data
FNF:1
FNH:1
FNDA:1,data
DA:0,1
DA:27,1
LF:2
LH:2
BRF:0
BRH:0
end_of_record
TN:
SF:C:\Users\Hai\Desktop\vue-starter-kit\src\App.vue
FNF:0
FNH:0
DA:0,1
LF:1
LH:1
BRF:0
BRH:0
end_of_record
TN:
SF:C:\Users\Hai\Desktop\vue-starter-kit\src\Contact.vue
FNF:0
FNH:0
DA:0,1
LF:1
LH:1
BRF:0
BRH:0
end_of_record
TN:
SF:C:\Users\Hai\Desktop\vue-starter-kit\src\NotFoundComponent.vue
FN:8,data
FNF:1
FNH:0
FNDA:0,data
DA:0,1
DA:11,0
LF:2
LH:1
BRF:0
BRH:0
end_of_record
TN:
SF:C:\Users\Hai\Desktop\vue-starter-kit\src\components\Profile.vue
FN:8,data
FN:16,created
FN:24,fetchData
FN:28,(anonymous_4)
FN:29,(anonymous_5)
FN:33,(anonymous_6)
FN:39,moment
FNF:7
FNH:0
FNDA:0,data
FNDA:0,created
FNDA:0,fetchData
FNDA:0,(anonymous_4)
FNDA:0,(anonymous_5)
FNDA:0,(anonymous_6)
FNDA:0,moment
DA:0,1
DA:26,0
DA:34,0
DA:41,0
DA:42,0
DA:43,0
DA:44,0
DA:45,0
DA:46,0
DA:47,0
DA:50,0
DA:56,0
LF:12
LH:1
BRF:0
BRH:0
end_of_record
